<?xml version="1.0" encoding="UTF-8"?><testsuite errors="1" failures="0" name="Academy Utest" skipped="0" tests="1" time="69.91" timestamp="2021-08-03 01:35:49"><testcase name="Create a new user"><error type="java.lang.NullPointerException"/><system-err>null&#13;
co.com.choucair.certification.proyectobase.tasks.Search.the(Search.java:17)&#13;
co.com.choucair.certification.proyectobase.stepdefinitions.ChoucairAcademyStepDefinitions.heRegisterForTheUtest(ChoucairAcademyStepDefinitions.java:40)&#13;
✽.he register for the Utest(src/test/resources/features/academyChoucair.feature:15)&#13;
</system-err></testcase></testsuite>